{"C:\\Users\\joe00852\\Documents\\EIC BootCamp\\Capstone\\TJX-Tracker\\Application\\app.js": {"path":"C:\\Users\\joe00852\\Documents\\EIC BootCamp\\Capstone\\TJX-Tracker\\Application\\app.js","statementMap":{"0":{"start":{"line":2,"column":12},"end":{"line":2,"column":28}},"1":{"start":{"line":3,"column":14},"end":{"line":3,"column":32}},"2":{"start":{"line":4,"column":11},"end":{"line":4,"column":26}},"3":{"start":{"line":5,"column":13},"end":{"line":5,"column":30}},"4":{"start":{"line":6,"column":19},"end":{"line":6,"column":43}},"5":{"start":{"line":7,"column":17},"end":{"line":7,"column":39}},"6":{"start":{"line":9,"column":21},"end":{"line":9,"column":50}},"7":{"start":{"line":11,"column":24},"end":{"line":11,"column":55}},"8":{"start":{"line":12,"column":21},"end":{"line":12,"column":49}},"9":{"start":{"line":13,"column":24},"end":{"line":13,"column":54}},"10":{"start":{"line":16,"column":10},"end":{"line":16,"column":19}},"11":{"start":{"line":19,"column":0},"end":{"line":19,"column":48}},"12":{"start":{"line":20,"column":0},"end":{"line":20,"column":30}},"13":{"start":{"line":22,"column":0},"end":{"line":22,"column":23}},"14":{"start":{"line":23,"column":0},"end":{"line":23,"column":27}},"15":{"start":{"line":24,"column":0},"end":{"line":24,"column":52}},"16":{"start":{"line":25,"column":0},"end":{"line":25,"column":24}},"17":{"start":{"line":26,"column":0},"end":{"line":26,"column":56}},"18":{"start":{"line":28,"column":0},"end":{"line":30,"column":2}},"19":{"start":{"line":29,"column":4},"end":{"line":29,"column":23}},"20":{"start":{"line":33,"column":0},"end":{"line":35,"column":2}},"21":{"start":{"line":34,"column":4},"end":{"line":34,"column":31}},"22":{"start":{"line":37,"column":0},"end":{"line":37,"column":41}},"23":{"start":{"line":39,"column":0},"end":{"line":41,"column":2}},"24":{"start":{"line":40,"column":4},"end":{"line":40,"column":28}},"25":{"start":{"line":43,"column":0},"end":{"line":45,"column":2}},"26":{"start":{"line":44,"column":4},"end":{"line":44,"column":31}},"27":{"start":{"line":48,"column":0},"end":{"line":52,"column":3}},"28":{"start":{"line":49,"column":14},"end":{"line":49,"column":36}},"29":{"start":{"line":50,"column":4},"end":{"line":50,"column":21}},"30":{"start":{"line":51,"column":4},"end":{"line":51,"column":14}},"31":{"start":{"line":58,"column":0},"end":{"line":66,"column":1}},"32":{"start":{"line":59,"column":4},"end":{"line":65,"column":7}},"33":{"start":{"line":60,"column":8},"end":{"line":60,"column":38}},"34":{"start":{"line":61,"column":8},"end":{"line":64,"column":11}},"35":{"start":{"line":70,"column":0},"end":{"line":76,"column":3}},"36":{"start":{"line":71,"column":4},"end":{"line":71,"column":34}},"37":{"start":{"line":72,"column":4},"end":{"line":75,"column":7}},"38":{"start":{"line":78,"column":0},"end":{"line":78,"column":42}},"39":{"start":{"line":80,"column":0},"end":{"line":84,"column":1}},"40":{"start":{"line":81,"column":4},"end":{"line":83,"column":7}},"41":{"start":{"line":82,"column":8},"end":{"line":82,"column":75}},"42":{"start":{"line":86,"column":0},"end":{"line":90,"column":1}},"43":{"start":{"line":87,"column":4},"end":{"line":89,"column":7}},"44":{"start":{"line":88,"column":8},"end":{"line":88,"column":33}},"45":{"start":{"line":94,"column":0},"end":{"line":94,"column":21}}},"fnMap":{"0":{"name":"(anonymous_0)","decl":{"start":{"line":28,"column":13},"end":{"line":28,"column":14}},"loc":{"start":{"line":28,"column":27},"end":{"line":30,"column":1}},"line":28},"1":{"name":"(anonymous_1)","decl":{"start":{"line":33,"column":29},"end":{"line":33,"column":30}},"loc":{"start":{"line":33,"column":43},"end":{"line":35,"column":1}},"line":33},"2":{"name":"(anonymous_2)","decl":{"start":{"line":39,"column":23},"end":{"line":39,"column":24}},"loc":{"start":{"line":39,"column":37},"end":{"line":41,"column":1}},"line":39},"3":{"name":"(anonymous_3)","decl":{"start":{"line":43,"column":25},"end":{"line":43,"column":26}},"loc":{"start":{"line":43,"column":39},"end":{"line":45,"column":1}},"line":43},"4":{"name":"(anonymous_4)","decl":{"start":{"line":48,"column":8},"end":{"line":48,"column":9}},"loc":{"start":{"line":48,"column":34},"end":{"line":52,"column":1}},"line":48},"5":{"name":"(anonymous_5)","decl":{"start":{"line":59,"column":12},"end":{"line":59,"column":13}},"loc":{"start":{"line":59,"column":43},"end":{"line":65,"column":5}},"line":59},"6":{"name":"(anonymous_6)","decl":{"start":{"line":70,"column":8},"end":{"line":70,"column":9}},"loc":{"start":{"line":70,"column":39},"end":{"line":76,"column":1}},"line":70},"7":{"name":"(anonymous_7)","decl":{"start":{"line":80,"column":17},"end":{"line":80,"column":18}},"loc":{"start":{"line":80,"column":29},"end":{"line":84,"column":1}},"line":80},"8":{"name":"(anonymous_8)","decl":{"start":{"line":81,"column":41},"end":{"line":81,"column":42}},"loc":{"start":{"line":81,"column":53},"end":{"line":83,"column":5}},"line":81},"9":{"name":"(anonymous_9)","decl":{"start":{"line":86,"column":16},"end":{"line":86,"column":17}},"loc":{"start":{"line":86,"column":28},"end":{"line":90,"column":1}},"line":86},"10":{"name":"(anonymous_10)","decl":{"start":{"line":87,"column":17},"end":{"line":87,"column":18}},"loc":{"start":{"line":87,"column":23},"end":{"line":89,"column":5}},"line":87}},"branchMap":{"0":{"loc":{"start":{"line":58,"column":0},"end":{"line":66,"column":1}},"type":"if","locations":[{"start":{"line":58,"column":0},"end":{"line":66,"column":1}},{"start":{},"end":{}}],"line":58},"1":{"loc":{"start":{"line":60,"column":19},"end":{"line":60,"column":36}},"type":"binary-expr","locations":[{"start":{"line":60,"column":19},"end":{"line":60,"column":29}},{"start":{"line":60,"column":33},"end":{"line":60,"column":36}}],"line":60},"2":{"loc":{"start":{"line":71,"column":15},"end":{"line":71,"column":32}},"type":"binary-expr","locations":[{"start":{"line":71,"column":15},"end":{"line":71,"column":25}},{"start":{"line":71,"column":29},"end":{"line":71,"column":32}}],"line":71},"3":{"loc":{"start":{"line":78,"column":16},"end":{"line":78,"column":40}},"type":"binary-expr","locations":[{"start":{"line":78,"column":16},"end":{"line":78,"column":32}},{"start":{"line":78,"column":36},"end":{"line":78,"column":40}}],"line":78}},"s":{"0":1,"1":1,"2":1,"3":1,"4":1,"5":1,"6":1,"7":1,"8":1,"9":1,"10":1,"11":1,"12":1,"13":1,"14":1,"15":1,"16":1,"17":1,"18":1,"19":1,"20":1,"21":0,"22":1,"23":1,"24":0,"25":1,"26":0,"27":1,"28":0,"29":0,"30":0,"31":1,"32":0,"33":0,"34":0,"35":1,"36":0,"37":0,"38":1,"39":1,"40":0,"41":0,"42":1,"43":0,"44":0,"45":1},"f":{"0":1,"1":0,"2":0,"3":0,"4":0,"5":0,"6":0,"7":0,"8":0,"9":0,"10":0},"b":{"0":[0,1],"1":[0,0],"2":[0,0],"3":[1,1]},"_coverageSchema":"1a1c01bbd47fc00a2c39e90264f33305004495a9","hash":"cd4a3145d7bf1de675fdd50d3bf53af6198731a4"}
,"C:\\Users\\joe00852\\Documents\\EIC BootCamp\\Capstone\\TJX-Tracker\\Application\\mockdata\\customers.js": {"path":"C:\\Users\\joe00852\\Documents\\EIC BootCamp\\Capstone\\TJX-Tracker\\Application\\mockdata\\customers.js","statementMap":{"0":{"start":{"line":1,"column":0},"end":{"line":32,"column":3}}},"fnMap":{},"branchMap":{},"s":{"0":1},"f":{},"b":{},"_coverageSchema":"1a1c01bbd47fc00a2c39e90264f33305004495a9","hash":"ec565a9265c49de3412c1ddac383363601b65e74"}
,"C:\\Users\\joe00852\\Documents\\EIC BootCamp\\Capstone\\TJX-Tracker\\Application\\mockdata\\orders.js": {"path":"C:\\Users\\joe00852\\Documents\\EIC BootCamp\\Capstone\\TJX-Tracker\\Application\\mockdata\\orders.js","statementMap":{"0":{"start":{"line":1,"column":0},"end":{"line":29,"column":3}}},"fnMap":{},"branchMap":{},"s":{"0":1},"f":{},"b":{},"_coverageSchema":"1a1c01bbd47fc00a2c39e90264f33305004495a9","hash":"1ab19cbe94df8dfab7bb184552990214528492ad"}
,"C:\\Users\\joe00852\\Documents\\EIC BootCamp\\Capstone\\TJX-Tracker\\Application\\mockdata\\products.js": {"path":"C:\\Users\\joe00852\\Documents\\EIC BootCamp\\Capstone\\TJX-Tracker\\Application\\mockdata\\products.js","statementMap":{"0":{"start":{"line":1,"column":0},"end":{"line":32,"column":3}}},"fnMap":{},"branchMap":{},"s":{"0":1},"f":{},"b":{},"_coverageSchema":"1a1c01bbd47fc00a2c39e90264f33305004495a9","hash":"63a8b6cc32abd35d9c5bdfe36adc5261c9902666"}
,"C:\\Users\\joe00852\\Documents\\EIC BootCamp\\Capstone\\TJX-Tracker\\Application\\routes\\customers.js": {"path":"C:\\Users\\joe00852\\Documents\\EIC BootCamp\\Capstone\\TJX-Tracker\\Application\\routes\\customers.js","statementMap":{"0":{"start":{"line":1,"column":14},"end":{"line":1,"column":32}},"1":{"start":{"line":2,"column":13},"end":{"line":2,"column":29}},"2":{"start":{"line":3,"column":24},"end":{"line":3,"column":56}},"3":{"start":{"line":6,"column":0},"end":{"line":11,"column":2}},"4":{"start":{"line":9,"column":4},"end":{"line":9,"column":31}},"5":{"start":{"line":13,"column":0},"end":{"line":13,"column":24}}},"fnMap":{"0":{"name":"(anonymous_0)","decl":{"start":{"line":8,"column":5},"end":{"line":8,"column":6}},"loc":{"start":{"line":8,"column":25},"end":{"line":11,"column":1}},"line":8}},"branchMap":{},"s":{"0":1,"1":1,"2":1,"3":1,"4":3,"5":1},"f":{"0":3},"b":{},"_coverageSchema":"1a1c01bbd47fc00a2c39e90264f33305004495a9","hash":"dfd1dbad40a9f2e30c8f4c33e890bf9790102334"}
}
