TN:
SF:app.js
FN:28,(anonymous_0)
FN:33,(anonymous_1)
FN:39,(anonymous_2)
FN:43,(anonymous_3)
FN:48,(anonymous_4)
FN:59,(anonymous_5)
FN:70,(anonymous_6)
FN:80,(anonymous_7)
FN:81,(anonymous_8)
FN:86,(anonymous_9)
FN:87,(anonymous_10)
FNF:11
FNH:1
FNDA:1,(anonymous_0)
FNDA:0,(anonymous_1)
FNDA:0,(anonymous_2)
FNDA:0,(anonymous_3)
FNDA:0,(anonymous_4)
FNDA:0,(anonymous_5)
FNDA:0,(anonymous_6)
FNDA:0,(anonymous_7)
FNDA:0,(anonymous_8)
FNDA:0,(anonymous_9)
FNDA:0,(anonymous_10)
DA:2,1
DA:3,1
DA:4,1
DA:5,1
DA:6,1
DA:7,1
DA:9,1
DA:11,1
DA:12,1
DA:13,1
DA:16,1
DA:19,1
DA:20,1
DA:22,1
DA:23,1
DA:24,1
DA:25,1
DA:26,1
DA:28,1
DA:29,1
DA:33,1
DA:34,0
DA:37,1
DA:39,1
DA:40,0
DA:43,1
DA:44,0
DA:48,1
DA:49,0
DA:50,0
DA:51,0
DA:58,1
DA:59,0
DA:60,0
DA:61,0
DA:70,1
DA:71,0
DA:72,0
DA:78,1
DA:80,1
DA:81,0
DA:82,0
DA:86,1
DA:87,0
DA:88,0
DA:94,1
LF:46
LH:31
BRDA:58,0,0,0
BRDA:58,0,1,1
BRDA:60,1,0,0
BRDA:60,1,1,0
BRDA:71,2,0,0
BRDA:71,2,1,0
BRDA:78,3,0,1
BRDA:78,3,1,1
BRF:8
BRH:3
end_of_record
TN:
SF:mockdata\customers.js
FNF:0
FNH:0
DA:1,1
LF:1
LH:1
BRF:0
BRH:0
end_of_record
TN:
SF:mockdata\orders.js
FNF:0
FNH:0
DA:1,1
LF:1
LH:1
BRF:0
BRH:0
end_of_record
TN:
SF:mockdata\products.js
FNF:0
FNH:0
DA:1,1
LF:1
LH:1
BRF:0
BRH:0
end_of_record
TN:
SF:routes\customers.js
FN:8,(anonymous_0)
FNF:1
FNH:1
FNDA:3,(anonymous_0)
DA:1,1
DA:2,1
DA:3,1
DA:6,1
DA:9,3
DA:13,1
LF:6
LH:6
BRF:0
BRH:0
end_of_record
